[INFO] Scanning for projects...
[INFO] 
[INFO] -----------------------------< aed:labo4 >------------------------------
[INFO] Building labo4 1.0-SNAPSHOT
[INFO] --------------------------------[ jar ]---------------------------------
[INFO] 
[INFO] --- jacoco-maven-plugin:0.8.10:prepare-agent (jacoco-initialize) @ labo4 ---
[INFO] argLine set to -javaagent:/home/sdandois/.m2/repository/org/jacoco/org.jacoco.agent/0.8.10/org.jacoco.agent-0.8.10-runtime.jar=destfile=/tmp/tmp50n5popu/target/jacoco.exec
[INFO] 
[INFO] --- maven-resources-plugin:2.6:resources (default-resources) @ labo4 ---
[INFO] Using 'UTF-8' encoding to copy filtered resources.
[INFO] skip non existing resourceDirectory /tmp/tmp50n5popu/src/main/resources
[INFO] 
[INFO] --- maven-compiler-plugin:3.1:compile (default-compile) @ labo4 ---
[INFO] Nothing to compile - all classes are up to date
[INFO] 
[INFO] --- maven-resources-plugin:2.6:testResources (default-testResources) @ labo4 ---
[INFO] Using 'UTF-8' encoding to copy filtered resources.
[INFO] skip non existing resourceDirectory /tmp/tmp50n5popu/src/test/resources
[INFO] 
[INFO] --- maven-compiler-plugin:3.1:testCompile (default-testCompile) @ labo4 ---
[INFO] Changes detected - recompiling the module!
[INFO] Compiling 1 source file to /tmp/tmp50n5popu/target/test-classes
[INFO] -------------------------------------------------------------
[ERROR] COMPILATION ERROR : 
[INFO] -------------------------------------------------------------
[ERROR] /tmp/tmp50n5popu/src/test/java/aed/SistemaCNETests.java:[46,19] cannot find symbol
  symbol:   class VotosPartido
  location: class aed.SistemaCNE
[ERROR] /tmp/tmp50n5popu/src/test/java/aed/SistemaCNETests.java:[46,60] cannot find symbol
  symbol:   class VotosPartido
  location: class aed.SistemaCNE
[ERROR] /tmp/tmp50n5popu/src/test/java/aed/SistemaCNETests.java:[48,39] cannot find symbol
  symbol:   class VotosPartido
  location: class aed.SistemaCNE
[INFO] 3 errors 
[INFO] -------------------------------------------------------------
[INFO] ------------------------------------------------------------------------
[INFO] BUILD FAILURE
[INFO] ------------------------------------------------------------------------
[INFO] Total time:  4.077 s
[INFO] Finished at: 2023-11-09T16:19:40-03:00
[INFO] ------------------------------------------------------------------------
[ERROR] Failed to execute goal org.apache.maven.plugins:maven-compiler-plugin:3.1:testCompile (default-testCompile) on project labo4: Compilation failure: Compilation failure: 
[ERROR] /tmp/tmp50n5popu/src/test/java/aed/SistemaCNETests.java:[46,19] cannot find symbol
[ERROR]   symbol:   class VotosPartido
[ERROR]   location: class aed.SistemaCNE
[ERROR] /tmp/tmp50n5popu/src/test/java/aed/SistemaCNETests.java:[46,60] cannot find symbol
[ERROR]   symbol:   class VotosPartido
[ERROR]   location: class aed.SistemaCNE
[ERROR] /tmp/tmp50n5popu/src/test/java/aed/SistemaCNETests.java:[48,39] cannot find symbol
[ERROR]   symbol:   class VotosPartido
[ERROR]   location: class aed.SistemaCNE
[ERROR] -> [Help 1]
[ERROR] 
[ERROR] To see the full stack trace of the errors, re-run Maven with the -e switch.
[ERROR] Re-run Maven using the -X switch to enable full debug logging.
[ERROR] 
[ERROR] For more information about the errors and possible solutions, please read the following articles:
[ERROR] [Help 1] http://cwiki.apache.org/confluence/display/MAVEN/MojoFailureException
